Started by user [8mha:////4Jikxv8wZWqGtCE/EHBJViYz1/q5Tns5Q8J+RCYjVWayAAAAmR+LCAAAAAAAAP9b85aBtbiIQTGjNKU4P08vOT+vOD8nVc83PyU1x6OyILUoJzMv2y+/JJUBAhiZGBgqihhk0NSjKDWzXb3RdlLBUSYGJk8GtpzUvPSSDB8G5tKinBIGIZ+sxLJE/ZzEvHT94JKizLx0a6BxUmjGOUNodHsLgAz2EgZe/dLi1CL94pLSlNS8EgDnZMOBwgAAAA==[0mStudent
Running as SYSTEM
Building in workspace /var/jenkins_home/workspace/933_IagutaIon_Job
The recommended git tool is: NONE
No credentials specified
 > git rev-parse --resolve-git-dir /var/jenkins_home/workspace/933_IagutaIon_Job/.git # timeout=10
Fetching changes from the remote Git repository
 > git config remote.origin.url https://github.com/fragN7/ssvvv.git # timeout=10
Fetching upstream changes from https://github.com/fragN7/ssvvv.git
 > git --version # timeout=10
 > git --version # 'git version 2.39.2'
 > git fetch --tags --force --progress -- https://github.com/fragN7/ssvvv.git +refs/heads/*:refs/remotes/origin/* # timeout=10
 > git rev-parse refs/remotes/origin/main^{commit} # timeout=10
Checking out Revision ddb383db4436b68d1ed4b79dc1f01665f5382aea (refs/remotes/origin/main)
 > git config core.sparsecheckout # timeout=10
 > git checkout -f ddb383db4436b68d1ed4b79dc1f01665f5382aea # timeout=10
Commit message: "Yaaa"
 > git rev-list --no-walk ddb383db4436b68d1ed4b79dc1f01665f5382aea # timeout=10
[933_IagutaIon_Job] $ mvn compile
[[1;34mINFO[m] Scanning for projects...
[[1;33mWARNING[m] 
[[1;33mWARNING[m] Some problems were encountered while building the effective model for ssvs.example:ThemeProject:jar:1.0-SNAPSHOT
[[1;33mWARNING[m] 'dependencies.dependency.version' for org.junit.jupiter:junit-jupiter:jar is either LATEST or RELEASE (both of them are being deprecated) @ line 27, column 20
[[1;33mWARNING[m] 'build.plugins.plugin.version' for org.apache.maven.plugins:maven-compiler-plugin is missing. @ line 33, column 15
[[1;33mWARNING[m] 
[[1;33mWARNING[m] It is highly recommended to fix these problems because they threaten the stability of your build.
[[1;33mWARNING[m] 
[[1;33mWARNING[m] For this reason, future Maven versions might no longer support building such malformed projects.
[[1;33mWARNING[m] 
[[1;34mINFO[m] 
[[1;34mINFO[m] [1m---------------------< [0;36mssvs.example:ThemeProject[0;1m >----------------------[m
[[1;34mINFO[m] [1mBuilding ThemeProject 1.0-SNAPSHOT[m
[[1;34mINFO[m] [1m--------------------------------[ jar ]---------------------------------[m
[[1;34mINFO[m] 
[[1;34mINFO[m] [1m--- [0;32mmaven-resources-plugin:2.6:resources[m [1m(default-resources)[m @ [36mThemeProject[0;1m ---[m
[[1;34mINFO[m] Using 'UTF-8' encoding to copy filtered resources.
[[1;34mINFO[m] skip non existing resourceDirectory /var/jenkins_home/workspace/933_IagutaIon_Job/src/main/resources
[[1;34mINFO[m] 
[[1;34mINFO[m] [1m--- [0;32mmaven-compiler-plugin:3.1:compile[m [1m(default-compile)[m @ [36mThemeProject[0;1m ---[m
[[1;34mINFO[m] Nothing to compile - all classes are up to date
[[1;34mINFO[m] [1m------------------------------------------------------------------------[m
[[1;34mINFO[m] [1;32mBUILD SUCCESS[m
[[1;34mINFO[m] [1m------------------------------------------------------------------------[m
[[1;34mINFO[m] Total time:  4.946 s
[[1;34mINFO[m] Finished at: 2024-03-25T15:33:30Z
[[1;34mINFO[m] [1m------------------------------------------------------------------------[m
Preparing TestLink client API.
Using TestLink URL: http://host.docker.internal:8090/lib/api/xmlrpc/v1/xmlrpc.php

Found 16 automated test cases in TestLink.

Sorting automated test cases by TestLink test plan execution order.

Executing single Build Steps.

Merging build environment variables with data retrieved from TestLink.

[933_IagutaIon_Job] $ mvn verify
[[1;34mINFO[m] Scanning for projects...
[[1;33mWARNING[m] 
[[1;33mWARNING[m] Some problems were encountered while building the effective model for ssvs.example:ThemeProject:jar:1.0-SNAPSHOT
[[1;33mWARNING[m] 'dependencies.dependency.version' for org.junit.jupiter:junit-jupiter:jar is either LATEST or RELEASE (both of them are being deprecated) @ line 27, column 20
[[1;33mWARNING[m] 'build.plugins.plugin.version' for org.apache.maven.plugins:maven-compiler-plugin is missing. @ line 33, column 15
[[1;33mWARNING[m] 
[[1;33mWARNING[m] It is highly recommended to fix these problems because they threaten the stability of your build.
[[1;33mWARNING[m] 
[[1;33mWARNING[m] For this reason, future Maven versions might no longer support building such malformed projects.
[[1;33mWARNING[m] 
[[1;34mINFO[m] 
[[1;34mINFO[m] [1m---------------------< [0;36mssvs.example:ThemeProject[0;1m >----------------------[m
[[1;34mINFO[m] [1mBuilding ThemeProject 1.0-SNAPSHOT[m
[[1;34mINFO[m] [1m--------------------------------[ jar ]---------------------------------[m
[[1;34mINFO[m] 
[[1;34mINFO[m] [1m--- [0;32mmaven-resources-plugin:2.6:resources[m [1m(default-resources)[m @ [36mThemeProject[0;1m ---[m
[[1;34mINFO[m] Using 'UTF-8' encoding to copy filtered resources.
[[1;34mINFO[m] skip non existing resourceDirectory /var/jenkins_home/workspace/933_IagutaIon_Job/src/main/resources
[[1;34mINFO[m] 
[[1;34mINFO[m] [1m--- [0;32mmaven-compiler-plugin:3.1:compile[m [1m(default-compile)[m @ [36mThemeProject[0;1m ---[m
[[1;34mINFO[m] Nothing to compile - all classes are up to date
[[1;34mINFO[m] 
[[1;34mINFO[m] [1m--- [0;32mmaven-resources-plugin:2.6:testResources[m [1m(default-testResources)[m @ [36mThemeProject[0;1m ---[m
[[1;34mINFO[m] Using 'UTF-8' encoding to copy filtered resources.
[[1;34mINFO[m] skip non existing resourceDirectory /var/jenkins_home/workspace/933_IagutaIon_Job/src/test/resources
[[1;34mINFO[m] 
[[1;34mINFO[m] [1m--- [0;32mmaven-compiler-plugin:3.1:testCompile[m [1m(default-testCompile)[m @ [36mThemeProject[0;1m ---[m
[[1;34mINFO[m] Changes detected - recompiling the module!
[[1;34mINFO[m] Compiling 3 source files to /var/jenkins_home/workspace/933_IagutaIon_Job/target/test-classes
[[1;34mINFO[m] 
[[1;34mINFO[m] [1m--- [0;32mmaven-surefire-plugin:2.12.4:test[m [1m(default-test)[m @ [36mThemeProject[0;1m ---[m
[[1;34mINFO[m] Surefire report directory: /var/jenkins_home/workspace/933_IagutaIon_Job/target/surefire-reports

-------------------------------------------------------
 T E S T S
-------------------------------------------------------
Running ssvs.example.AppTest
Tests run: 1, Failures: 0, Errors: 0, Skipped: 0, Time elapsed: 0.046 sec
Running ssvs.example.TestAddStudent
Tests run: 14, Failures: 0, Errors: 0, Skipped: 0, Time elapsed: 0.596 sec
Running ssvv.example.TestAddTema
Tests run: 0, Failures: 0, Errors: 0, Skipped: 0, Time elapsed: 0 sec

Results :

Tests run: 15, Failures: 0, Errors: 0, Skipped: 0

[[1;34mINFO[m] 
[[1;34mINFO[m] [1m--- [0;32mmaven-jar-plugin:2.4:jar[m [1m(default-jar)[m @ [36mThemeProject[0;1m ---[m
[[1;34mINFO[m] [1m------------------------------------------------------------------------[m
[[1;34mINFO[m] [1;32mBUILD SUCCESS[m
[[1;34mINFO[m] [1m------------------------------------------------------------------------[m
[[1;34mINFO[m] Total time:  11.439 s
[[1;34mINFO[m] Finished at: 2024-03-25T15:33:43Z
[[1;34mINFO[m] [1m------------------------------------------------------------------------[m
Merging build environment variables with data retrieved from TestLink.

[933_IagutaIon_Job] $ /bin/bash /tmp/jenkins1703103256509217694.sh
RUN_TESTS_DISPLAY_URL=http://localhost:8080/job/933_IagutaIon_Job/2/display/redirect?page=tests
HOSTNAME=593c8c4dad62
JENKINS_UC_EXPERIMENTAL=https://updates.jenkins.io/experimental
JENKINS_SERVER_COOKIE=27b70941f96f3dd0
GIT_PREVIOUS_SUCCESSFUL_COMMIT=ddb383db4436b68d1ed4b79dc1f01665f5382aea
JAVA_HOME=/opt/java/openjdk
JENKINS_INCREMENTALS_REPO_MIRROR=https://repo.jenkins-ci.org/incrementals
RUN_CHANGES_DISPLAY_URL=http://localhost:8080/job/933_IagutaIon_Job/2/display/redirect?page=changes
TESTLINK_TESTCASE_TOTAL=16
COPY_REFERENCE_FILE_LOG=/var/jenkins_home/copy_reference_file.log
PWD=/var/jenkins_home/workspace/933_IagutaIon_Job
HUDSON_HOME=/var/jenkins_home
BUILD_URL=http://localhost:8080/job/933_IagutaIon_Job/2/
JENKINS_SLAVE_AGENT_PORT=50000
JOB_URL=http://localhost:8080/job/933_IagutaIon_Job/
BUILD_NUMBER=2
JENKINS_VERSION=2.440.1
BUILD_DISPLAY_NAME=#2
HOME=/var/jenkins_home
LANG=C.UTF-8
JENKINS_URL=http://localhost:8080/
JOB_BASE_NAME=933_IagutaIon_Job
JOB_NAME=933_IagutaIon_Job
RUN_DISPLAY_URL=http://localhost:8080/job/933_IagutaIon_Job/2/display/redirect
JOB_DISPLAY_URL=http://localhost:8080/job/933_IagutaIon_Job/display/redirect
WORKSPACE=/var/jenkins_home/workspace/933_IagutaIon_Job
JENKINS_UC=https://updates.jenkins.io
GIT_PREVIOUS_COMMIT=ddb383db4436b68d1ed4b79dc1f01665f5382aea
HUDSON_URL=http://localhost:8080/
NODE_NAME=built-in
HUDSON_SERVER_COOKIE=27b70941f96f3dd0
TESTLINK_TESTPROJECT_NAME=Project_IagutaIon
GIT_URL=https://github.com/fragN7/ssvvv.git
SHLVL=1
BUILD_TAG=jenkins-933_IagutaIon_Job-2
EXECUTOR_NUMBER=1
HUDSON_COOKIE=471242b6-7af6-49d4-85c1-443d3f59c7d3
JENKINS_HOME=/var/jenkins_home
TESTLINK_TESTPLAN_NAME=933_IagutaIon_TestPlan
REF=/usr/share/jenkins/ref
GIT_COMMIT=ddb383db4436b68d1ed4b79dc1f01665f5382aea
NODE_LABELS=built-in
WORKSPACE_TMP=/var/jenkins_home/workspace/933_IagutaIon_Job@tmp
PATH=/opt/java/openjdk/bin:/usr/local/sbin:/usr/local/bin:/usr/sbin:/usr/bin:/sbin:/bin
RUN_ARTIFACTS_DISPLAY_URL=http://localhost:8080/job/933_IagutaIon_Job/2/display/redirect?page=artifacts
CI=true
GIT_BRANCH=origin/main
BUILD_ID=2
TESTLINK_BUILD_NAME=build_2
_=/usr/bin/printenv
mv: cannot stat './target/surefire-reports/TEST-.xml': No such file or directory
Executing iterative Build Steps.

Looking for the test results of TestLink test cases.

Looking for test results in JUnit methods by its name.

Found 16 test result(s).

Archiving artifacts
Finished: SUCCESS
